<?xml version="1.0" encoding="UTF-8"?>
<robot generator="Robot 5.0 (Python 3.10.4 on win32)" generated="20220506 09:39:32.183" rpa="false" schemaversion="3">
<suite id="s1" name="Demo4 Suite" source="C:\Users\Sakthivel\Desktop\LT6\robot_project\selenium_suite\demo4_suite.robot">
<test id="s1-t1" name="TC1" line="7">
<kw name="Append To Environment Variable" library="OperatingSystem">
<arg>path</arg>
<arg>C:\\Users\\Sakthivel\\Desktop\\LT6\\driver</arg>
<doc>Appends given ``values`` to environment variable ``name``.</doc>
<msg timestamp="20220506 09:39:32.464" level="INFO">Environment variable 'path' set to value 'C:\Program Files\Common Files\Oracle\Java\javapath;C:\windows\system32;C:\windows;C:\windows\System32\Wbem;C:\windows\System32\WindowsPowerShell\v1.0\;C:\windows\System32\OpenSSH\;C:\Program Files (x86)\NVIDIA Corporation\PhysX\Common;C:\Program Files\NVIDIA Corporation\NVIDIA NvDLISR;C:\Program Files\Git\cmd;C:\Users\Sakthivel;C:\Users\Sakthivel\Scripts\;C:\Users\Sakthivel\;C:\Users\Sakthivel\AppData\Local\Microsoft\WindowsApps;;C:\Users\Sakthivel\AppData\Local\Programs\Microsoft VS Code\bin;C:\Program Files\JetBrains\PyCharm Community Edition 2021.3.3\pycharm\PyCharm Community Edition 2021.3.3\bin;;C:\Users\Sakthivel\Desktop\LT6\driver'.</msg>
<status status="PASS" starttime="20220506 09:39:32.464" endtime="20220506 09:39:32.464"/>
</kw>
<kw name="Open Browser" library="SeleniumLibrary">
<arg>url=https://www.salesforce.com/in/form/signup/freetrial-sales/?d=7010M000002IWwj&amp;internal=true</arg>
<arg>browser=chrome</arg>
<doc>Opens a new browser instance to the optional ``url``.</doc>
<msg timestamp="20220506 09:39:32.464" level="INFO">Opening browser 'chrome' to base url 'https://www.salesforce.com/in/form/signup/freetrial-sales/?d=7010M000002IWwj&amp;internal=true'.</msg>
<status status="PASS" starttime="20220506 09:39:32.464" endtime="20220506 09:39:42.620"/>
</kw>
<kw name="Maximize Browser Window" library="SeleniumLibrary">
<doc>Maximizes current browser window.</doc>
<status status="PASS" starttime="20220506 09:39:42.620" endtime="20220506 09:39:42.765"/>
</kw>
<kw name="Set Selenium Implicit Wait" library="SeleniumLibrary">
<arg>30s</arg>
<doc>Sets the implicit wait value used by Selenium.</doc>
<status status="PASS" starttime="20220506 09:39:42.765" endtime="20220506 09:39:42.773"/>
</kw>
<kw name="Input Text" library="SeleniumLibrary">
<arg>name=UserFirstName</arg>
<arg>john</arg>
<doc>Types the given ``text`` into the text field identified by ``locator``.</doc>
<msg timestamp="20220506 09:39:42.773" level="INFO">Typing text 'john' into text field 'name=UserFirstName'.</msg>
<status status="PASS" starttime="20220506 09:39:42.773" endtime="20220506 09:39:42.925"/>
</kw>
<kw name="Input Text" library="SeleniumLibrary">
<arg>name=UserLastName</arg>
<arg>wick</arg>
<doc>Types the given ``text`` into the text field identified by ``locator``.</doc>
<msg timestamp="20220506 09:39:42.925" level="INFO">Typing text 'wick' into text field 'name=UserLastName'.</msg>
<status status="PASS" starttime="20220506 09:39:42.925" endtime="20220506 09:39:43.045"/>
</kw>
<kw name="Input Text" library="SeleniumLibrary">
<arg>name=UserEmail</arg>
<arg>john@gmail.com</arg>
<doc>Types the given ``text`` into the text field identified by ``locator``.</doc>
<msg timestamp="20220506 09:39:43.053" level="INFO">Typing text 'john@gmail.com' into text field 'name=UserEmail'.</msg>
<status status="PASS" starttime="20220506 09:39:43.053" endtime="20220506 09:39:43.230"/>
</kw>
<kw name="Select From List By Label" library="SeleniumLibrary">
<arg>name=UserTitle</arg>
<arg>IT Manager</arg>
<doc>Selects options from selection list ``locator`` by ``labels``.</doc>
<msg timestamp="20220506 09:39:43.230" level="INFO">Selecting options from selection list 'name=UserTitle' by label IT Manager.</msg>
<status status="PASS" starttime="20220506 09:39:43.230" endtime="20220506 09:39:43.326"/>
</kw>
<kw name="Input Text" library="SeleniumLibrary">
<arg>name=CompanyName</arg>
<arg>LT</arg>
<doc>Types the given ``text`` into the text field identified by ``locator``.</doc>
<msg timestamp="20220506 09:39:43.326" level="INFO">Typing text 'LT' into text field 'name=CompanyName'.</msg>
<status status="PASS" starttime="20220506 09:39:43.326" endtime="20220506 09:39:43.430"/>
</kw>
<kw name="Select From List By Value" library="SeleniumLibrary">
<arg>name=CompanyEmployees</arg>
<arg>250</arg>
<doc>Selects options from selection list ``locator`` by ``values``.</doc>
<msg timestamp="20220506 09:39:43.430" level="INFO">Selecting options from selection list 'name=CompanyEmployees' by value 250.</msg>
<status status="PASS" starttime="20220506 09:39:43.430" endtime="20220506 09:39:43.526"/>
</kw>
<kw name="Select From List By Label" library="SeleniumLibrary">
<arg>name=CompanyCountry</arg>
<arg>United Kingdom</arg>
<doc>Selects options from selection list ``locator`` by ``labels``.</doc>
<msg timestamp="20220506 09:39:43.526" level="INFO">Selecting options from selection list 'name=CompanyCountry' by label United Kingdom.</msg>
<status status="PASS" starttime="20220506 09:39:43.526" endtime="20220506 09:39:43.630"/>
</kw>
<kw name="Click Element" library="SeleniumLibrary">
<arg>xpath=//div[@class='checkbox-ui']</arg>
<doc>Click the element identified by ``locator``.</doc>
<msg timestamp="20220506 09:39:43.630" level="INFO">Clicking element 'xpath=//div[@class='checkbox-ui']'.</msg>
<status status="PASS" starttime="20220506 09:39:43.630" endtime="20220506 09:39:43.710"/>
</kw>
<kw name="Click Element" library="SeleniumLibrary">
<arg>name=start my free trial</arg>
<doc>Click the element identified by ``locator``.</doc>
<msg timestamp="20220506 09:39:43.710" level="INFO">Clicking element 'name=start my free trial'.</msg>
<status status="PASS" starttime="20220506 09:39:43.710" endtime="20220506 09:39:43.814"/>
</kw>
<kw name="Element Text Should Be" library="SeleniumLibrary">
<arg>xpath=//span[contains(@id,'UserPhone')]</arg>
<arg>Enter a valid phone number</arg>
<doc>Verifies that element ``locator`` contains exact the text ``expected``.</doc>
<msg timestamp="20220506 09:39:43.814" level="INFO">Verifying element 'xpath=//span[contains(@id,'UserPhone')]' contains exact text 'Enter a valid phone number'.</msg>
<status status="PASS" starttime="20220506 09:39:43.814" endtime="20220506 09:39:43.846"/>
</kw>
<status status="PASS" starttime="20220506 09:39:32.464" endtime="20220506 09:39:43.846"/>
</test>
<status status="PASS" starttime="20220506 09:39:32.183" endtime="20220506 09:39:43.846"/>
</suite>
<statistics>
<total>
<stat pass="1" fail="0" skip="0">All Tests</stat>
</total>
<tag>
</tag>
<suite>
<stat pass="1" fail="0" skip="0" id="s1" name="Demo4 Suite">Demo4 Suite</stat>
</suite>
</statistics>
<errors>
</errors>
</robot>
