<?xml version="1.0" encoding="UTF-8"?>
<robot generator="Robot 5.0 (Python 3.10.4 on win32)" generated="20220506 15:02:04.598" rpa="false" schemaversion="3">
<suite id="s1" name="Demo7 Tabs Suite" source="C:\Users\Sakthivel\Desktop\LT6\robot_project\selenium_suite\demo7_tabs_suite.robot">
<test id="s1-t1" name="TC1" line="5">
<kw name="Append To Environment Variable" library="OperatingSystem">
<arg>path</arg>
<arg>C:\\Users\\Sakthivel\\Desktop\\LT6\\driver</arg>
<doc>Appends given ``values`` to environment variable ``name``.</doc>
<msg timestamp="20220506 15:02:04.958" level="INFO">Environment variable 'path' set to value 'C:\Program Files\Common Files\Oracle\Java\javapath;C:\windows\system32;C:\windows;C:\windows\System32\Wbem;C:\windows\System32\WindowsPowerShell\v1.0\;C:\windows\System32\OpenSSH\;C:\Program Files (x86)\NVIDIA Corporation\PhysX\Common;C:\Program Files\NVIDIA Corporation\NVIDIA NvDLISR;C:\Program Files\Git\cmd;C:\Users\Sakthivel;C:\Users\Sakthivel\Scripts\;C:\Users\Sakthivel\;C:\Users\Sakthivel\AppData\Local\Microsoft\WindowsApps;;C:\Users\Sakthivel\AppData\Local\Programs\Microsoft VS Code\bin;C:\Program Files\JetBrains\PyCharm Community Edition 2021.3.3\pycharm\PyCharm Community Edition 2021.3.3\bin;;C:\Users\Sakthivel\Desktop\LT6\driver'.</msg>
<status status="PASS" starttime="20220506 15:02:04.958" endtime="20220506 15:02:04.958"/>
</kw>
<kw name="Open Browser" library="SeleniumLibrary">
<arg>browser=chrome</arg>
<doc>Opens a new browser instance to the optional ``url``.</doc>
<msg timestamp="20220506 15:02:04.958" level="INFO">Opening browser 'chrome' to base url 'None'.</msg>
<status status="PASS" starttime="20220506 15:02:04.958" endtime="20220506 15:02:06.363"/>
</kw>
<kw name="Maximize Browser Window" library="SeleniumLibrary">
<doc>Maximizes current browser window.</doc>
<status status="PASS" starttime="20220506 15:02:06.363" endtime="20220506 15:02:06.504"/>
</kw>
<kw name="Set Selenium Implicit Wait" library="SeleniumLibrary">
<arg>30s</arg>
<doc>Sets the implicit wait value used by Selenium.</doc>
<status status="PASS" starttime="20220506 15:02:06.504" endtime="20220506 15:02:06.512"/>
</kw>
<kw name="Go To" library="SeleniumLibrary">
<arg>https://netbanking.hdfcbank.com/netbanking/</arg>
<doc>Navigates the current browser window to the provided ``url``.</doc>
<msg timestamp="20220506 15:02:06.512" level="INFO">Opening url 'https://netbanking.hdfcbank.com/netbanking/'</msg>
<status status="PASS" starttime="20220506 15:02:06.512" endtime="20220506 15:02:13.292"/>
</kw>
<kw name="Select Frame" library="SeleniumLibrary">
<arg>xpath=//frame[@name='login_page']</arg>
<doc>Sets frame identified by ``locator`` as the current frame.</doc>
<msg timestamp="20220506 15:02:13.294" level="INFO">Selecting frame 'xpath=//frame[@name='login_page']'.</msg>
<status status="PASS" starttime="20220506 15:02:13.293" endtime="20220506 15:02:13.326"/>
</kw>
<kw name="Input Text" library="SeleniumLibrary">
<arg>xpath=//input[@class='form-control text-muted']</arg>
<arg>123</arg>
<doc>Types the given ``text`` into the text field identified by ``locator``.</doc>
<msg timestamp="20220506 15:02:13.326" level="INFO">Typing text '123' into text field 'xpath=//input[@class='form-control text-muted']'.</msg>
<status status="PASS" starttime="20220506 15:02:13.326" endtime="20220506 15:02:13.431"/>
</kw>
<kw name="Click Element" library="SeleniumLibrary">
<arg>link=CONTINUE</arg>
<doc>Click the element identified by ``locator``.</doc>
<msg timestamp="20220506 15:02:13.431" level="INFO">Clicking element 'link=CONTINUE'.</msg>
<status status="PASS" starttime="20220506 15:02:13.431" endtime="20220506 15:02:15.424"/>
</kw>
<status status="PASS" starttime="20220506 15:02:04.958" endtime="20220506 15:02:15.432"/>
</test>
<status status="PASS" starttime="20220506 15:02:04.598" endtime="20220506 15:02:15.432"/>
</suite>
<statistics>
<total>
<stat pass="1" fail="0" skip="0">All Tests</stat>
</total>
<tag>
</tag>
<suite>
<stat pass="1" fail="0" skip="0" id="s1" name="Demo7 Tabs Suite">Demo7 Tabs Suite</stat>
</suite>
</statistics>
<errors>
</errors>
</robot>
